633  [restartedMain] INFO  r.m.p.Practice1425Application
                – Starting Practice1425Application using Java 15.0.1 on DESKTOP-31L6BV3 with PID 24536 (C:\Users\light\OneDrive\Документы\GitHub\Java2\practice14_25\target\classes started by light in C:\Users\light\OneDrive\Документы\GitHub\Java2\practice14_25)
635  [restartedMain] INFO  r.m.p.Practice1425Application
                – No active profile set, falling back to default profiles: default
678  [restartedMain] INFO  o.s.b.d.e.DevToolsPropertyDefaultsPostProcessor
                – Devtools property defaults active! Set 'spring.devtools.add-properties' to 'false' to disable
716  [restartedMain] INFO  o.s.b.d.e.DevToolsPropertyDefaultsPostProcessor
                – For additional web related logging consider setting the 'logging.level.web' property to 'DEBUG'
1415 [restartedMain] INFO  o.s.d.r.c.RepositoryConfigurationDelegate
                – Bootstrapping Spring Data JPA repositories in DEFAULT mode.
1498 [restartedMain] INFO  o.s.d.r.c.RepositoryConfigurationDelegate
                – Finished Spring Data repository scanning in 73 ms. Found 2 JPA repository interfaces.
1946 [restartedMain] INFO  o.s.b.w.e.tomcat.TomcatWebServer
                – Tomcat initialized with port(s): 8080 (http)
1958 [restartedMain] INFO  o.a.coyote.http11.Http11NioProtocol
                – Initializing ProtocolHandler ["http-nio-8080"]
1959 [restartedMain] INFO  o.a.catalina.core.StandardService
                – Starting service [Tomcat]
1959 [restartedMain] INFO  o.a.catalina.core.StandardEngine
                – Starting Servlet engine: [Apache Tomcat/9.0.46]
2086 [restartedMain] INFO  o.a.c.c.C.[Tomcat].[localhost].[/]
                – Initializing Spring embedded WebApplicationContext
2086 [restartedMain] INFO  o.s.b.w.s.c.ServletWebServerApplicationContext
                – Root WebApplicationContext: initialization completed in 1369 ms
2168 [restartedMain] INFO  com.zaxxer.hikari.HikariDataSource
                – HikariPool-1 - Starting...
2498 [restartedMain] INFO  com.zaxxer.hikari.HikariDataSource
                – HikariPool-1 - Start completed.
2581 [restartedMain] INFO  o.h.jpa.internal.util.LogHelper
                – HHH000204: Processing PersistenceUnitInfo [name: default]
2609 [restartedMain] INFO  org.hibernate.Version
                – HHH000412: Hibernate ORM core version 5.4.31.Final
2679 [restartedMain] INFO  o.h.annotations.common.Version
                – HCANN000001: Hibernate Commons Annotations {5.1.2.Final}
2795 [restartedMain] INFO  org.hibernate.dialect.Dialect
                – HHH000400: Using dialect: org.hibernate.dialect.PostgreSQL10Dialect
3253 [restartedMain] INFO  o.h.e.t.j.p.i.JtaPlatformInitiator
                – HHH000490: Using JtaPlatform implementation: [org.hibernate.engine.transaction.jta.platform.internal.NoJtaPlatform]
3259 [restartedMain] INFO  o.s.o.j.LocalContainerEntityManagerFactoryBean
                – Initialized JPA EntityManagerFactory for persistence unit 'default'
3497 [restartedMain] WARN  o.s.b.a.o.j.JpaBaseConfiguration$JpaWebConfiguration
                – spring.jpa.open-in-view is enabled by default. Therefore, database queries may be performed during view rendering. Explicitly configure spring.jpa.open-in-view to disable this warning
3751 [restartedMain] INFO  o.s.b.d.a.OptionalLiveReloadServer
                – LiveReload server is running on port 35729
3765 [restartedMain] INFO  o.a.coyote.http11.Http11NioProtocol
                – Starting ProtocolHandler ["http-nio-8080"]
3796 [restartedMain] INFO  o.s.b.w.e.tomcat.TomcatWebServer
                – Tomcat started on port(s): 8080 (http) with context path ''
3816 [restartedMain] INFO  r.m.p.Practice1425Application
                – Started Practice1425Application in 3.476 seconds (JVM running for 4.247)
3818 [restartedMain] INFO  o.s.b.a.ApplicationAvailabilityBean
                – Application availability state LivenessState changed to CORRECT
3821 [restartedMain] INFO  o.s.b.a.ApplicationAvailabilityBean
                – Application availability state ReadinessState changed to ACCEPTING_TRAFFIC
18304 [http-nio-8080-exec-2] INFO  o.a.c.c.C.[Tomcat].[localhost].[/]
                – Initializing Spring DispatcherServlet 'dispatcherServlet'
18304 [http-nio-8080-exec-2] INFO  o.s.web.servlet.DispatcherServlet
                – Initializing Servlet 'dispatcherServlet'
18305 [http-nio-8080-exec-2] INFO  o.s.web.servlet.DispatcherServlet
                – Completed initialization in 1 ms
18342 [http-nio-8080-exec-2] INFO  r.m.p.model.service.GameServiceImpl
                – Found all games
26551 [http-nio-8080-exec-3] INFO  r.m.p.model.service.GameServiceImpl
                – Sorted games
600  [restartedMain] INFO  r.m.p.Practice1425Application
                – Starting Practice1425Application using Java 15.0.1 on DESKTOP-31L6BV3 with PID 19680 (C:\Users\light\OneDrive\Документы\GitHub\Java2\practice14_25\target\classes started by light in C:\Users\light\OneDrive\Документы\GitHub\Java2\practice14_25)
603  [restartedMain] INFO  r.m.p.Practice1425Application
                – No active profile set, falling back to default profiles: default
643  [restartedMain] INFO  o.s.b.d.e.DevToolsPropertyDefaultsPostProcessor
                – Devtools property defaults active! Set 'spring.devtools.add-properties' to 'false' to disable
643  [restartedMain] INFO  o.s.b.d.e.DevToolsPropertyDefaultsPostProcessor
                – For additional web related logging consider setting the 'logging.level.web' property to 'DEBUG'
1207 [restartedMain] INFO  o.s.d.r.c.RepositoryConfigurationDelegate
                – Bootstrapping Spring Data JPA repositories in DEFAULT mode.
1266 [restartedMain] INFO  o.s.d.r.c.RepositoryConfigurationDelegate
                – Finished Spring Data repository scanning in 52 ms. Found 2 JPA repository interfaces.
1673 [restartedMain] INFO  o.s.b.w.e.tomcat.TomcatWebServer
                – Tomcat initialized with port(s): 8080 (http)
1679 [restartedMain] INFO  o.a.coyote.http11.Http11NioProtocol
                – Initializing ProtocolHandler ["http-nio-8080"]
1680 [restartedMain] INFO  o.a.catalina.core.StandardService
                – Starting service [Tomcat]
1680 [restartedMain] INFO  o.a.catalina.core.StandardEngine
                – Starting Servlet engine: [Apache Tomcat/9.0.46]
1766 [restartedMain] INFO  o.a.c.c.C.[Tomcat].[localhost].[/]
                – Initializing Spring embedded WebApplicationContext
1767 [restartedMain] INFO  o.s.b.w.s.c.ServletWebServerApplicationContext
                – Root WebApplicationContext: initialization completed in 1122 ms
1831 [restartedMain] INFO  com.zaxxer.hikari.HikariDataSource
                – HikariPool-1 - Starting...
2402 [restartedMain] INFO  com.zaxxer.hikari.HikariDataSource
                – HikariPool-1 - Start completed.
2499 [restartedMain] INFO  o.h.jpa.internal.util.LogHelper
                – HHH000204: Processing PersistenceUnitInfo [name: default]
2546 [restartedMain] INFO  org.hibernate.Version
                – HHH000412: Hibernate ORM core version 5.4.31.Final
2642 [restartedMain] INFO  o.h.annotations.common.Version
                – HCANN000001: Hibernate Commons Annotations {5.1.2.Final}
2719 [restartedMain] INFO  org.hibernate.dialect.Dialect
                – HHH000400: Using dialect: org.hibernate.dialect.PostgreSQL10Dialect
3112 [restartedMain] INFO  o.h.e.t.j.p.i.JtaPlatformInitiator
                – HHH000490: Using JtaPlatform implementation: [org.hibernate.engine.transaction.jta.platform.internal.NoJtaPlatform]
3119 [restartedMain] INFO  o.s.o.j.LocalContainerEntityManagerFactoryBean
                – Initialized JPA EntityManagerFactory for persistence unit 'default'
3364 [restartedMain] WARN  o.s.b.a.o.j.JpaBaseConfiguration$JpaWebConfiguration
                – spring.jpa.open-in-view is enabled by default. Therefore, database queries may be performed during view rendering. Explicitly configure spring.jpa.open-in-view to disable this warning
570  [restartedMain] INFO  r.m.p.Practice1425Application
                – Starting Practice1425Application using Java 15.0.1 on DESKTOP-31L6BV3 with PID 2864 (C:\Users\light\OneDrive\Документы\GitHub\Java2\practice14_25\target\classes started by light in C:\Users\light\OneDrive\Документы\GitHub\Java2\practice14_25)
572  [restartedMain] INFO  r.m.p.Practice1425Application
                – No active profile set, falling back to default profiles: default
608  [restartedMain] INFO  o.s.b.d.e.DevToolsPropertyDefaultsPostProcessor
                – Devtools property defaults active! Set 'spring.devtools.add-properties' to 'false' to disable
608  [restartedMain] INFO  o.s.b.d.e.DevToolsPropertyDefaultsPostProcessor
                – For additional web related logging consider setting the 'logging.level.web' property to 'DEBUG'
1263 [restartedMain] INFO  o.s.d.r.c.RepositoryConfigurationDelegate
                – Bootstrapping Spring Data JPA repositories in DEFAULT mode.
1353 [restartedMain] INFO  o.s.d.r.c.RepositoryConfigurationDelegate
                – Finished Spring Data repository scanning in 80 ms. Found 2 JPA repository interfaces.
1890 [restartedMain] INFO  o.s.b.w.e.tomcat.TomcatWebServer
                – Tomcat initialized with port(s): 8080 (http)
1900 [restartedMain] INFO  o.a.coyote.http11.Http11NioProtocol
                – Initializing ProtocolHandler ["http-nio-8080"]
1900 [restartedMain] INFO  o.a.catalina.core.StandardService
                – Starting service [Tomcat]
1900 [restartedMain] INFO  o.a.catalina.core.StandardEngine
                – Starting Servlet engine: [Apache Tomcat/9.0.46]
1966 [restartedMain] INFO  o.a.c.c.C.[Tomcat].[localhost].[/]
                – Initializing Spring embedded WebApplicationContext
1966 [restartedMain] INFO  o.s.b.w.s.c.ServletWebServerApplicationContext
                – Root WebApplicationContext: initialization completed in 1357 ms
2025 [restartedMain] INFO  com.zaxxer.hikari.HikariDataSource
                – HikariPool-1 - Starting...
2276 [restartedMain] INFO  com.zaxxer.hikari.HikariDataSource
                – HikariPool-1 - Start completed.
2354 [restartedMain] INFO  o.h.jpa.internal.util.LogHelper
                – HHH000204: Processing PersistenceUnitInfo [name: default]
2382 [restartedMain] INFO  org.hibernate.Version
                – HHH000412: Hibernate ORM core version 5.4.31.Final
2454 [restartedMain] INFO  o.h.annotations.common.Version
                – HCANN000001: Hibernate Commons Annotations {5.1.2.Final}
2555 [restartedMain] INFO  org.hibernate.dialect.Dialect
                – HHH000400: Using dialect: org.hibernate.dialect.PostgreSQL10Dialect
2931 [restartedMain] INFO  o.h.e.t.j.p.i.JtaPlatformInitiator
                – HHH000490: Using JtaPlatform implementation: [org.hibernate.engine.transaction.jta.platform.internal.NoJtaPlatform]
2938 [restartedMain] INFO  o.s.o.j.LocalContainerEntityManagerFactoryBean
                – Initialized JPA EntityManagerFactory for persistence unit 'default'
3220 [restartedMain] WARN  o.s.b.a.o.j.JpaBaseConfiguration$JpaWebConfiguration
                – spring.jpa.open-in-view is enabled by default. Therefore, database queries may be performed during view rendering. Explicitly configure spring.jpa.open-in-view to disable this warning
3471 [restartedMain] INFO  o.s.b.d.a.OptionalLiveReloadServer
                – LiveReload server is running on port 35729
3487 [restartedMain] INFO  o.a.coyote.http11.Http11NioProtocol
                – Starting ProtocolHandler ["http-nio-8080"]
3512 [restartedMain] INFO  o.s.b.w.e.tomcat.TomcatWebServer
                – Tomcat started on port(s): 8080 (http) with context path ''
3535 [restartedMain] INFO  r.m.p.Practice1425Application
                – Started Practice1425Application in 3.244 seconds (JVM running for 3.981)
3537 [restartedMain] INFO  o.s.b.a.ApplicationAvailabilityBean
                – Application availability state LivenessState changed to CORRECT
3540 [restartedMain] INFO  o.s.b.a.ApplicationAvailabilityBean
                – Application availability state ReadinessState changed to ACCEPTING_TRAFFIC
