OpenJDK 64-Bit Server VM warning: Options -Xverify:none and -noverify were deprecated in JDK 13 and will likely be removed in a future release.

  .   ____          _            __ _ _
 /\\ / ___'_ __ _ _(_)_ __  __ _ \ \ \ \
( ( )\___ | '_ | '_| | '_ \/ _` | \ \ \ \
 \\/  ___)| |_)| | | | | || (_| |  ) ) ) )
  '  |____| .__|_| |_|_| |_\__, | / / / /
 =========|_|==============|___/=/_/_/_/
 :: Spring Boot ::                (v2.5.0)

2021-06-06 14:00:27.398  INFO 27096 --- [  restartedMain] ru.mirea.coursework.JavaCourseWorkApp    : Starting JavaCourseWorkApp using Java 15.0.1 on DESKTOP-31L6BV3 with PID 27096 (C:\Software\Github\JavaCourseWork\target\classes started by light in C:\Software\Github\JavaCourseWork)
2021-06-06 14:00:27.400  INFO 27096 --- [  restartedMain] ru.mirea.coursework.JavaCourseWorkApp    : No active profile set, falling back to default profiles: default
2021-06-06 14:00:27.454  INFO 27096 --- [  restartedMain] .e.DevToolsPropertyDefaultsPostProcessor : Devtools property defaults active! Set 'spring.devtools.add-properties' to 'false' to disable
2021-06-06 14:00:27.454  INFO 27096 --- [  restartedMain] .e.DevToolsPropertyDefaultsPostProcessor : For additional web related logging consider setting the 'logging.level.web' property to 'DEBUG'
2021-06-06 14:00:27.478  WARN 27096 --- [kground-preinit] o.s.h.c.j.Jackson2ObjectMapperBuilder    : For Jackson Kotlin classes support please add "com.fasterxml.jackson.module:jackson-module-kotlin" to the classpath
2021-06-06 14:00:28.076  INFO 27096 --- [  restartedMain] .s.d.r.c.RepositoryConfigurationDelegate : Bootstrapping Spring Data JPA repositories in DEFAULT mode.
2021-06-06 14:00:28.131  INFO 27096 --- [  restartedMain] .s.d.r.c.RepositoryConfigurationDelegate : Finished Spring Data repository scanning in 47 ms. Found 3 JPA repository interfaces.
2021-06-06 14:00:28.759  INFO 27096 --- [  restartedMain] o.s.b.w.embedded.tomcat.TomcatWebServer  : Tomcat initialized with port(s): 8080 (http)
2021-06-06 14:00:28.767  INFO 27096 --- [  restartedMain] o.apache.catalina.core.StandardService   : Starting service [Tomcat]
2021-06-06 14:00:28.767  INFO 27096 --- [  restartedMain] org.apache.catalina.core.StandardEngine  : Starting Servlet engine: [Apache Tomcat/9.0.46]
2021-06-06 14:00:28.849  INFO 27096 --- [  restartedMain] o.a.c.c.C.[Tomcat].[localhost].[/]       : Initializing Spring embedded WebApplicationContext
2021-06-06 14:00:28.850  INFO 27096 --- [  restartedMain] w.s.c.ServletWebServerApplicationContext : Root WebApplicationContext: initialization completed in 1395 ms
2021-06-06 14:00:28.998  INFO 27096 --- [  restartedMain] com.zaxxer.hikari.HikariDataSource       : HikariPool-1 - Starting...
2021-06-06 14:00:29.219  INFO 27096 --- [  restartedMain] com.zaxxer.hikari.HikariDataSource       : HikariPool-1 - Start completed.
2021-06-06 14:00:29.256  INFO 27096 --- [  restartedMain] o.hibernate.jpa.internal.util.LogHelper  : HHH000204: Processing PersistenceUnitInfo [name: default]
2021-06-06 14:00:29.284  INFO 27096 --- [  restartedMain] org.hibernate.Version                    : HHH000412: Hibernate ORM core version 5.4.31.Final
2021-06-06 14:00:29.361  INFO 27096 --- [  restartedMain] o.hibernate.annotations.common.Version   : HCANN000001: Hibernate Commons Annotations {5.1.2.Final}
2021-06-06 14:00:29.436  INFO 27096 --- [  restartedMain] org.hibernate.dialect.Dialect            : HHH000400: Using dialect: org.hibernate.dialect.PostgreSQL10Dialect
2021-06-06 14:00:29.889  INFO 27096 --- [  restartedMain] o.h.e.t.j.p.i.JtaPlatformInitiator       : HHH000490: Using JtaPlatform implementation: [org.hibernate.engine.transaction.jta.platform.internal.NoJtaPlatform]
2021-06-06 14:00:29.896  INFO 27096 --- [  restartedMain] j.LocalContainerEntityManagerFactoryBean : Initialized JPA EntityManagerFactory for persistence unit 'default'
2021-06-06 14:00:29.954  WARN 27096 --- [  restartedMain] JpaBaseConfiguration$JpaWebConfiguration : spring.jpa.open-in-view is enabled by default. Therefore, database queries may be performed during view rendering. Explicitly configure spring.jpa.open-in-view to disable this warning
2021-06-06 14:00:30.524  INFO 27096 --- [  restartedMain] o.s.s.web.DefaultSecurityFilterChain     : Will secure any request with [org.springframework.security.web.context.request.async.WebAsyncManagerIntegrationFilter@3ec9241f, org.springframework.security.web.context.SecurityContextPersistenceFilter@aa41f6a, org.springframework.security.web.header.HeaderWriterFilter@585f9fce, org.springframework.security.web.csrf.CsrfFilter@64ff5372, org.springframework.security.web.authentication.logout.LogoutFilter@547d76f2, org.springframework.security.web.authentication.UsernamePasswordAuthenticationFilter@5aa3940d, org.springframework.security.web.savedrequest.RequestCacheAwareFilter@7df864ce, org.springframework.security.web.servletapi.SecurityContextHolderAwareRequestFilter@5857109c, org.springframework.security.web.authentication.AnonymousAuthenticationFilter@7e1c9c2c, org.springframework.security.web.session.SessionManagementFilter@7c6ce6f2, org.springframework.security.web.access.ExceptionTranslationFilter@36405245, org.springframework.security.web.access.intercept.FilterSecurityInterceptor@736368cc]
2021-06-06 14:00:30.976  INFO 27096 --- [  restartedMain] o.s.b.d.a.OptionalLiveReloadServer       : LiveReload server is running on port 35729
2021-06-06 14:00:31.014  INFO 27096 --- [  restartedMain] o.s.b.w.embedded.tomcat.TomcatWebServer  : Tomcat started on port(s): 8080 (http) with context path ''
2021-06-06 14:00:31.027  INFO 27096 --- [  restartedMain] ru.mirea.coursework.JavaCourseWorkApp    : Started JavaCourseWorkApp in 3.943 seconds (JVM running for 4.633)
2021-06-06 14:00:31.028  INFO 27096 --- [  restartedMain] o.s.b.a.ApplicationAvailabilityBean      : Application availability state LivenessState changed to CORRECT
2021-06-06 14:00:31.030  INFO 27096 --- [  restartedMain] o.s.b.a.ApplicationAvailabilityBean      : Application availability state ReadinessState changed to ACCEPTING_TRAFFIC
2021-06-06 14:00:33.267  INFO 27096 --- [nio-8080-exec-1] o.a.c.c.C.[Tomcat].[localhost].[/]       : Initializing Spring DispatcherServlet 'dispatcherServlet'
2021-06-06 14:00:33.267  INFO 27096 --- [nio-8080-exec-1] o.s.web.servlet.DispatcherServlet        : Initializing Servlet 'dispatcherServlet'
2021-06-06 14:00:33.269  INFO 27096 --- [nio-8080-exec-1] o.s.web.servlet.DispatcherServlet        : Completed initialization in 2 ms
2021-06-06 14:01:00.038  INFO 27096 --- [   scheduling-1] r.m.c.model.service.SchedulerService     : SCHEDULED task started at 06-06-2021 14:01:00
2021-06-06 14:01:00.044  INFO 27096 --- [   scheduling-1] r.m.c.model.service.SchedulerService     : File games.txt was deleted: true
2021-06-06 14:01:00.046  INFO 27096 --- [   scheduling-1] r.m.c.model.service.SchedulerService     : File levels.txt was deleted: true
2021-06-06 14:01:00.065  INFO 27096 --- [   scheduling-1] r.m.c.model.service.LevelServiceImpl     : Found all levels
Method: readAll. Time: 20 milliseconds. Return: []
2021-06-06 14:01:00.081  INFO 27096 --- [   scheduling-1] r.m.c.model.service.GameServiceImpl      : Found all games
Method: readAll. Time: 8 milliseconds. Return: [ru.mirea.coursework.model.entity.Game@4f664461, ru.mirea.coursework.model.entity.Game@667c1c04, ru.mirea.coursework.model.entity.Game@5f7b7eec, ru.mirea.coursework.model.entity.Game@6a9de13c]
2021-06-06 14:01:00.098  INFO 27096 --- [   scheduling-1] r.m.c.model.service.SchedulerService     : SCHEDULED task finished.
Method: schedule. Time: 83 milliseconds.
